GROUP,PACKAGE,CLASS,INSTRUCTION_MISSED,INSTRUCTION_COVERED,BRANCH_MISSED,BRANCH_COVERED,LINE_MISSED,LINE_COVERED,COMPLEXITY_MISSED,COMPLEXITY_COVERED,METHOD_MISSED,METHOD_COVERED
banking-service,br.com.alura.exception,AgenciaNaoEncontradaException,4,0,0,0,2,0,1,0,1,0
banking-service,br.com.alura.controller,AgenciaController,34,0,0,0,11,0,5,0,5,0
banking-service,br.com.alura.service,AgenciaService,94,31,10,4,24,7,10,2,3,2
banking-service,br.com.alura.repository,AgenciaRepository,0,3,0,0,0,1,0,1,0,1
banking-service,br.com.alura.service.http,AgenciaHttp,32,0,0,0,11,0,6,0,6,0
banking-service,br.com.alura.service.http,AgenciaNaoAtivaOuNaoEncontradaException,0,4,0,0,0,2,0,1,0,1
banking-service,br.com.alura.service.http,SituacaoCadastral,0,15,0,0,0,2,0,1,0,1
banking-service,br.com.alura.domain,Endereco,30,19,0,0,11,10,6,5,6,5
banking-service,br.com.alura.domain,Agencia,32,30,0,0,14,11,9,4,9,4
