<?xml version="1.0" encoding="UTF-8"?>
<testsuite xmlns:xsi="http://www.w3.org/2001/XMLSchema-instance" xsi:noNamespaceSchemaLocation="https://maven.apache.org/surefire/maven-surefire-plugin/xsd/surefire-test-report.xsd" version="3.0.2" name="br.com.alura.service.AgenciaServiceTest" time="3.702" tests="2" errors="0" skipped="0" failures="0">
  <properties>
[...]
</properties>
  <testcase name="deveCadastrarQuandoClientRetornarSituacaoCadastralAtivo" classname="br.com.alura.service.AgenciaServiceTest" time="0.015">
    <system-out><![CDATA[2025-12-09 00:00:43,757 INFO  [io.quarkus] (main) banking-service 1.0.0-SNAPSHOT on JVM (powered by Quarkus 3.15.6) started in 2.007s. Listening on: http://localhost:8081
2025-12-09 00:00:43,758 INFO  [io.quarkus] (main) Profile test activated. 
2025-12-09 00:00:43,758 INFO  [io.quarkus] (main) Installed features: [agroal, cdi, hibernate-orm, hibernate-orm-panache, jacoco, jdbc-postgresql, micrometer, narayana-jta, rest, rest-client, rest-client-jackson, rest-jackson, smallrye-context-propagation, vertx]
2025-12-09 00:00:44,115 INFO  [br.com.alu.ser.AgenciaService] (main) Agencia com CNPJ 123 foi adicionada
]]></system-out>
    <system-err><![CDATA[WARNING: A Java agent has been loaded dynamically (/Users/wallacen/.m2/repository/net/bytebuddy/byte-buddy-agent/1.14.15/byte-buddy-agent-1.14.15.jar)
WARNING: If a serviceability tool is in use, please run with -XX:+EnableDynamicAgentLoading to hide this warning
WARNING: If a serviceability tool is not in use, please run with -Djdk.instrument.traceUsage for more information
WARNING: Dynamic loading of agents will be disallowed by default in a future release
]]></system-err>
  </testcase>
  <testcase name="deveNaoCadastrarQuandoClientRetornarNull" classname="br.com.alura.service.AgenciaServiceTest" time="0.002">
    <system-out><![CDATA[2025-12-09 00:00:44,122 INFO  [br.com.alu.ser.AgenciaService] (main) Agencia com CNPJ 123 não ativa ou não encontrada
]]></system-out>
  </testcase>
</testsuite>